  EBO.cpp
  Main.cpp
  shaderClass.cpp
  stb.cpp
  Texture.cpp
  VAO.cpp
  VBO.cpp
  Generating Code...
  glad.c
C:\Program Files\Microsoft Visual Studio\2022\Professional\MSBuild\Microsoft\VC\v170\Microsoft.CppCommon.targets(1087,5): error MSB6006: "link.exe" exited with code 1120.
Main.obj : error LNK2019: unresolved external symbol _glfwInit referenced in function _main
Main.obj : error LNK2019: unresolved external symbol _glfwTerminate referenced in function _main
Main.obj : error LNK2019: unresolved external symbol _glfwWindowHint referenced in function _main
Main.obj : error LNK2019: unresolved external symbol _glfwCreateWindow referenced in function _main
Main.obj : error LNK2019: unresolved external symbol _glfwDestroyWindow referenced in function _main
Main.obj : error LNK2019: unresolved external symbol _glfwWindowShouldClose referenced in function _main
Main.obj : error LNK2019: unresolved external symbol _glfwPollEvents referenced in function _main
Main.obj : error LNK2019: unresolved external symbol _glfwMakeContextCurrent referenced in function _main
Main.obj : error LNK2019: unresolved external symbol _glfwSwapBuffers referenced in function _main
Main.obj : error LNK2019: unresolved external symbol _glfwGetProcAddress referenced in function _main
D:\Code\C++\P\4. Chess\4\Libraries\lib\glfw3.lib : warning LNK4272: library machine type 'x64' conflicts with target machine type 'x86'
D:\Code\C++\P\4. Chess\4\Debug\4.exe : fatal error LNK1120: 10 unresolved externals
