d:\code\c++\p\4. chess\4\x64\release\4.ipdb
d:\code\c++\p\4. chess\4\x64\release\4.iobj
d:\code\c++\projects\4. checkers\4\x64\release\4.ipdb
d:\code\c++\projects\4. checkers\4\x64\release\4.iobj
d:\code\c++\projects\4. checkers\4\x64\release\vc143.pdb
d:\code\c++\projects\4. checkers\4\x64\release\glad.obj
d:\code\c++\projects\4. checkers\4\x64\release\units.obj
d:\code\c++\projects\4. checkers\4\x64\release\stb.obj
d:\code\c++\projects\4. checkers\4\x64\release\shaderclass.obj
d:\code\c++\projects\4. checkers\4\x64\release\main.obj
d:\code\c++\projects\4. checkers\4\x64\release\handleposition.obj
d:\code\c++\projects\4. checkers\4\x64\release\4.exe
d:\code\c++\projects\4. checkers\4\x64\release\4.pdb
d:\code\c++\projects\4. checkers\4\x64\release\ebo.obj
d:\code\c++\projects\4. checkers\4\x64\release\model.obj
d:\code\c++\projects\4. checkers\4\x64\release\texture.obj
d:\code\c++\projects\4. checkers\4\x64\release\vao.obj
d:\code\c++\projects\4. checkers\4\x64\release\vbo.obj
d:\code\c++\projects\4. checkers\4\x64\release\4.tlog\4.write.1u.tlog
d:\code\c++\projects\4. checkers\4\x64\release\4.tlog\cl.command.1.tlog
d:\code\c++\projects\4. checkers\4\x64\release\4.tlog\cl.read.1.tlog
d:\code\c++\projects\4. checkers\4\x64\release\4.tlog\cl.write.1.tlog
d:\code\c++\projects\4. checkers\4\x64\release\4.tlog\link.command.1.tlog
d:\code\c++\projects\4. checkers\4\x64\release\4.tlog\link.read.1.tlog
d:\code\c++\projects\4. checkers\4\x64\release\4.tlog\link.write.1.tlog
